---------------------------------------------------------------
[ 2022-05-01T02:23:36+08:00 ] 124.221.247.28 GET ds.yisezu.com/
[运行时间：0.048859s] [吞吐率：20.47req/s] [内存消耗：2,431.35kb] [文件加载：44]
[ info ] [ LANG ] /www/wwwroot/dscom/core/lang/zh-cn.php
[ info ] [ ROUTE ] array (
  'type' => 'module',
  'module' => 
  array (
    0 => '',
    1 => NULL,
    2 => NULL,
  ),
)
[ info ] [ HEADER ] array (
  'host' => 'ds.yisezu.com',
  'user-agent' => 'Mozilla/5.0 (Linux; Android 6.0; Nexus 5 Build/MRA58N) AppleWebKit/537.36 (KHTML, like Gecko) Chrome/81.0.4044.138 Mobile Safari/537.36',
  'accept-encoding' => 'gzip',
  'connection' => 'close',
  'content-type' => '',
  'content-length' => '',
)
[ info ] [ PARAM ] array (
)
[ info ] [ SESSION ] INIT array (
  'id' => '',
  'var_session_id' => '',
  'prefix' => 'think',
  'type' => '',
  'auto_start' => true,
)
[ info ] [ LOG ] INIT File
---------------------------------------------------------------
[ 2022-05-01T02:23:42+08:00 ] 124.221.247.28 GET ds.yisezu.com/cn/home/login
[运行时间：0.058301s] [吞吐率：17.15req/s] [内存消耗：3,485.57kb] [文件加载：51]
[ info ] [ LANG ] /www/wwwroot/dscom/core/lang/zh-cn.php
[ info ] [ ROUTE ] array (
  'type' => 'module',
  'module' => 
  array (
    0 => 'cn',
    1 => 'home',
    2 => 'login',
  ),
)
[ info ] [ HEADER ] array (
  'host' => 'ds.yisezu.com',
  'user-agent' => 'Mozilla/5.0 (Linux; Android 6.0; Nexus 5 Build/MRA58N) AppleWebKit/537.36 (KHTML, like Gecko) Chrome/81.0.4044.138 Mobile Safari/537.36',
  'referer' => 'http://ds.yisezu.com',
  'accept-encoding' => 'gzip',
  'connection' => 'close',
  'content-type' => '',
  'content-length' => '',
)
[ info ] [ PARAM ] array (
)
[ info ] [ RUN ] app\cn\controller\HomeController->login[ /www/wwwroot/dscom/apps/cn/controller/HomeController.php ]
[ info ] [ DB ] INIT mysql
[ info ] [ VIEW ] /www/wwwroot/dscom/apps/cn/view/home/login.html [ array (
  0 => 'title',
  1 => 'is_reg',
) ]
[ info ] [ LOG ] INIT File
[ sql ] [ DB ] CONNECT:[ UseTime:0.001498s ] mysql:host=127.0.0.1;port=3306;dbname=dscom;charset=utf8
[ sql ] [ SQL ] SHOW COLUMNS FROM `tbl_config` [ RunTime:0.003409s ]
[ sql ] [ SQL ] SELECT `title`,`is_reg` FROM `tbl_config` WHERE  `id` = 1 LIMIT 1 [ RunTime:0.001316s ]
---------------------------------------------------------------
[ 2022-05-01T03:05:17+08:00 ] 185.207.154.83 GET www.niuapi.top/
[运行时间：0.038871s] [吞吐率：25.73req/s] [内存消耗：2,432.92kb] [文件加载：44]
[ info ] [ LANG ] /www/wwwroot/dscom/core/lang/zh-cn.php
[ info ] [ ROUTE ] array (
  'type' => 'module',
  'module' => 
  array (
    0 => '',
    1 => NULL,
    2 => NULL,
  ),
)
[ info ] [ HEADER ] array (
  'host' => 'www.niuapi.top',
  'content-type' => 'application/x-www-form-urlencoded',
  'accept' => 'text/html,application/xhtml+xml,application/xml;q=0.9,image/webp,image/apng,*/*;q=0.8,application/signed-exchange;v=b3;q=0.9',
  'accept-encoding' => 'gzip, deflate',
  'accept-language' => 'zh-CN,zh;q=0.9,en;q=0.8,en-GB;q=0.7,en-US;q=0.6',
  'connection' => 'keep-alive',
  'upgrade-insecure-requests' => '1',
  'pragma' => 'no-cache',
  'cache-control' => 'no-cache',
  'user-agent' => 'Mozilla/5.0 (Windows NT 10.0; Win64; x64) AppleWebKit/537.36 (KHTML, like Gecko) Chrome/98.0.4758.102 Safari/537.36',
  'content-length' => '',
)
[ info ] [ PARAM ] array (
)
[ info ] [ SESSION ] INIT array (
  'id' => '',
  'var_session_id' => '',
  'prefix' => 'think',
  'type' => '',
  'auto_start' => true,
)
[ info ] [ LOG ] INIT File
---------------------------------------------------------------
[ 2022-05-01T03:05:17+08:00 ] 185.207.154.83 GET www.niuapi.top/cn/home/login
[运行时间：0.049674s] [吞吐率：20.13req/s] [内存消耗：3,487.38kb] [文件加载：51]
[ info ] [ LANG ] /www/wwwroot/dscom/core/lang/zh-cn.php
[ info ] [ ROUTE ] array (
  'type' => 'module',
  'module' => 
  array (
    0 => 'cn',
    1 => 'home',
    2 => 'login',
  ),
)
[ info ] [ HEADER ] array (
  'host' => 'www.niuapi.top',
  'content-type' => 'application/x-www-form-urlencoded',
  'accept' => 'text/html,application/xhtml+xml,application/xml;q=0.9,image/webp,image/apng,*/*;q=0.8,application/signed-exchange;v=b3;q=0.9',
  'accept-encoding' => 'gzip, deflate',
  'accept-language' => 'zh-CN,zh;q=0.9,en;q=0.8,en-GB;q=0.7,en-US;q=0.6',
  'connection' => 'keep-alive',
  'upgrade-insecure-requests' => '1',
  'pragma' => 'no-cache',
  'cache-control' => 'no-cache',
  'user-agent' => 'Mozilla/5.0 (Windows NT 10.0; Win64; x64) AppleWebKit/537.36 (KHTML, like Gecko) Chrome/98.0.4758.102 Safari/537.36',
  'content-length' => '',
)
[ info ] [ PARAM ] array (
)
[ info ] [ RUN ] app\cn\controller\HomeController->login[ /www/wwwroot/dscom/apps/cn/controller/HomeController.php ]
[ info ] [ DB ] INIT mysql
[ info ] [ VIEW ] /www/wwwroot/dscom/apps/cn/view/home/login.html [ array (
  0 => 'title',
  1 => 'is_reg',
) ]
[ info ] [ LOG ] INIT File
[ sql ] [ DB ] CONNECT:[ UseTime:0.001425s ] mysql:host=127.0.0.1;port=3306;dbname=dscom;charset=utf8
[ sql ] [ SQL ] SHOW COLUMNS FROM `tbl_config` [ RunTime:0.002105s ]
[ sql ] [ SQL ] SELECT `title`,`is_reg` FROM `tbl_config` WHERE  `id` = 1 LIMIT 1 [ RunTime:0.000859s ]
---------------------------------------------------------------
[ 2022-05-01T10:38:35+08:00 ] 27.115.124.38 GET ds.niuapi.top/
[运行时间：0.045800s] [吞吐率：21.83req/s] [内存消耗：2,433.13kb] [文件加载：44]
[ info ] [ LANG ] /www/wwwroot/dscom/core/lang/zh-cn.php
[ info ] [ ROUTE ] array (
  'type' => 'module',
  'module' => 
  array (
    0 => '',
    1 => NULL,
    2 => NULL,
  ),
)
[ info ] [ HEADER ] array (
  'host' => 'ds.niuapi.top',
  'connection' => 'keep-alive',
  'pragma' => 'no-cache',
  'cache-control' => 'no-cache',
  'upgrade-insecure-requests' => '1',
  'user-agent' => 'Mozilla/5.0 (Linux; U; Android 8.0.0; zh-cn; Mi Note 2 Build/OPR1.170623.032) AppleWebKit/537.36 (KHTML, like Gecko) Version/4.0 Chrome/61.0.3163.128 Mobile Safari/537.36 XiaoMi/MiuiBrowser/10.1.1',
  'accept' => 'text/html,application/xhtml+xml,application/xml;q=0.9,image/webp,image/apng,*/*;q=0.8',
  'referer' => 'http://baidu.com/',
  'accept-encoding' => 'gzip, deflate',
  'content-type' => '',
  'content-length' => '',
)
[ info ] [ PARAM ] array (
)
[ info ] [ SESSION ] INIT array (
  'id' => '',
  'var_session_id' => '',
  'prefix' => 'think',
  'type' => '',
  'auto_start' => true,
)
[ info ] [ LOG ] INIT File
---------------------------------------------------------------
[ 2022-05-01T10:38:35+08:00 ] 27.115.124.38 GET ds.niuapi.top/cn/home/login
[运行时间：0.058262s] [吞吐率：17.16req/s] [内存消耗：3,487.88kb] [文件加载：51]
[ info ] [ LANG ] /www/wwwroot/dscom/core/lang/zh-cn.php
[ info ] [ ROUTE ] array (
  'type' => 'module',
  'module' => 
  array (
    0 => 'cn',
    1 => 'home',
    2 => 'login',
  ),
)
[ info ] [ HEADER ] array (
  'host' => 'ds.niuapi.top',
  'connection' => 'keep-alive',
  'pragma' => 'no-cache',
  'cache-control' => 'no-cache',
  'upgrade-insecure-requests' => '1',
  'user-agent' => 'Mozilla/5.0 (Linux; U; Android 8.0.0; zh-cn; Mi Note 2 Build/OPR1.170623.032) AppleWebKit/537.36 (KHTML, like Gecko) Version/4.0 Chrome/61.0.3163.128 Mobile Safari/537.36 XiaoMi/MiuiBrowser/10.1.1',
  'accept' => 'text/html,application/xhtml+xml,application/xml;q=0.9,image/webp,image/apng,*/*;q=0.8',
  'referer' => 'http://baidu.com/',
  'accept-encoding' => 'gzip, deflate',
  'cookie' => 'PHPSESSID=oml0uf08mulrs43bft6l91h2a4',
  'content-type' => '',
  'content-length' => '',
)
[ info ] [ PARAM ] array (
)
[ info ] [ RUN ] app\cn\controller\HomeController->login[ /www/wwwroot/dscom/apps/cn/controller/HomeController.php ]
[ info ] [ DB ] INIT mysql
[ info ] [ VIEW ] /www/wwwroot/dscom/apps/cn/view/home/login.html [ array (
  0 => 'title',
  1 => 'is_reg',
) ]
[ info ] [ LOG ] INIT File
[ sql ] [ DB ] CONNECT:[ UseTime:0.001282s ] mysql:host=127.0.0.1;port=3306;dbname=dscom;charset=utf8
[ sql ] [ SQL ] SHOW COLUMNS FROM `tbl_config` [ RunTime:0.002531s ]
[ sql ] [ SQL ] SELECT `title`,`is_reg` FROM `tbl_config` WHERE  `id` = 1 LIMIT 1 [ RunTime:0.002822s ]
---------------------------------------------------------------
[ 2022-05-01T11:07:32+08:00 ] 171.37.56.87 GET ds.niuapi.top/
[运行时间：0.078958s] [吞吐率：12.66req/s] [内存消耗：2,432.08kb] [文件加载：44]
[ info ] [ LANG ] /www/wwwroot/dscom/core/lang/zh-cn.php
[ info ] [ ROUTE ] array (
  'type' => 'module',
  'module' => 
  array (
    0 => '',
    1 => NULL,
    2 => NULL,
  ),
)
[ info ] [ HEADER ] array (
  'host' => 'ds.niuapi.top',
  'accept-language' => 'zh-CN,zh;q=0.8',
  'accept-encoding' => 'gzip, deflate, sdch',
  'accept' => 'text/html,application/xhtml+xml,application/xml;q=0.9,image/webp,*/*;q=0.8',
  'user-agent' => 'Mozilla/5.0 (iPhone; CPU iPhone OS 9_1 like Mac OS X) AppleWebKit/601.1.46 (KHTML, like Gecko) Version/9.0 Mobile/13B143 Safari/601.1',
  'connection' => 'close',
  'upgrade-insecure-requests' => '1',
  'content-type' => '',
  'content-length' => '',
)
[ info ] [ PARAM ] array (
)
[ info ] [ SESSION ] INIT array (
  'id' => '',
  'var_session_id' => '',
  'prefix' => 'think',
  'type' => '',
  'auto_start' => true,
)
[ info ] [ LOG ] INIT File
---------------------------------------------------------------
[ 2022-05-01T11:07:38+08:00 ] 112.94.252.140 GET ds.niuapi.top/cn/home/login
[运行时间：0.063251s] [吞吐率：15.81req/s] [内存消耗：3,487.45kb] [文件加载：51]
[ info ] [ LANG ] /www/wwwroot/dscom/core/lang/zh-cn.php
[ info ] [ ROUTE ] array (
  'type' => 'module',
  'module' => 
  array (
    0 => 'cn',
    1 => 'home',
    2 => 'login',
  ),
)
[ info ] [ HEADER ] array (
  'host' => 'ds.niuapi.top',
  'accept-language' => 'zh-CN,zh;q=0.8',
  'accept-encoding' => 'gzip, deflate, sdch',
  'accept' => 'text/html,application/xhtml+xml,application/xml;q=0.9,image/webp,*/*;q=0.8',
  'user-agent' => 'Mozilla/5.0 (iPhone; CPU iPhone OS 9_1 like Mac OS X) AppleWebKit/601.1.46 (KHTML, like Gecko) Version/9.0 Mobile/13B143 Safari/601.1',
  'connection' => 'close',
  'cookie' => 'PHPSESSID=vs6vr37kvdeah57gve4r28q444',
  'upgrade-insecure-requests' => '1',
  'content-type' => '',
  'content-length' => '',
)
[ info ] [ PARAM ] array (
)
[ info ] [ RUN ] app\cn\controller\HomeController->login[ /www/wwwroot/dscom/apps/cn/controller/HomeController.php ]
[ info ] [ DB ] INIT mysql
[ info ] [ VIEW ] /www/wwwroot/dscom/apps/cn/view/home/login.html [ array (
  0 => 'title',
  1 => 'is_reg',
) ]
[ info ] [ LOG ] INIT File
[ sql ] [ DB ] CONNECT:[ UseTime:0.002011s ] mysql:host=127.0.0.1;port=3306;dbname=dscom;charset=utf8
[ sql ] [ SQL ] SHOW COLUMNS FROM `tbl_config` [ RunTime:0.003275s ]
[ sql ] [ SQL ] SELECT `title`,`is_reg` FROM `tbl_config` WHERE  `id` = 1 LIMIT 1 [ RunTime:0.001046s ]
---------------------------------------------------------------
[ 2022-05-01T20:24:31+08:00 ] 119.164.109.188 GET ds.niuapi.top/1
[运行时间：0.042456s] [吞吐率：23.55req/s] [内存消耗：1,884.99kb] [文件加载：34]
[ info ] [ LANG ] /www/wwwroot/dscom/core/lang/zh-cn.php
[ info ] [ ROUTE ] array (
  'type' => 'module',
  'module' => 
  array (
    0 => '1',
    1 => NULL,
    2 => NULL,
  ),
)
[ info ] [ HEADER ] array (
  'accept' => 'text/html,application/xhtml+xml,application/xml;q=0.9,*/*;q=0.8',
  'user-agent' => 'Mozilla/5.0 (Windows NT 6.1; WOW64) AppleWebKit/535.1 (KHTML, like Gecko) Chrome/14.0.835.163 Safari/535.1',
  'accept-encoding' => 'deflate, br',
  'connection' => 'Keep-Alive',
  'accept-language' => 'en-US,*',
  'host' => 'ds.niuapi.top',
  'content-type' => '',
  'content-length' => '',
)
[ info ] [ PARAM ] array (
)
[ info ] [ LOG ] INIT File
---------------------------------------------------------------
[ 2022-05-01T20:26:13+08:00 ] 27.115.124.37 GET ds.niuapi.top/
[运行时间：0.043130s] [吞吐率：23.19req/s] [内存消耗：2,430.35kb] [文件加载：44]
[ info ] [ LANG ] /www/wwwroot/dscom/core/lang/zh-cn.php
[ info ] [ ROUTE ] array (
  'type' => 'module',
  'module' => 
  array (
    0 => '',
    1 => NULL,
    2 => NULL,
  ),
)
[ info ] [ HEADER ] array (
  'host' => 'ds.niuapi.top',
  'cookie' => 'rememberMe=1',
  'content-type' => '',
  'content-length' => '',
)
[ info ] [ PARAM ] array (
)
[ info ] [ SESSION ] INIT array (
  'id' => '',
  'var_session_id' => '',
  'prefix' => 'think',
  'type' => '',
  'auto_start' => true,
)
[ info ] [ LOG ] INIT File
---------------------------------------------------------------
[ 2022-05-01T20:26:39+08:00 ] 27.115.124.99 GET ds.niuapi.top/cn/home/login
[运行时间：0.056692s] [吞吐率：17.64req/s] [内存消耗：3,485.09kb] [文件加载：51]
[ info ] [ LANG ] /www/wwwroot/dscom/core/lang/zh-cn.php
[ info ] [ ROUTE ] array (
  'type' => 'module',
  'module' => 
  array (
    0 => 'cn',
    1 => 'home',
    2 => 'login',
  ),
)
[ info ] [ HEADER ] array (
  'host' => 'ds.niuapi.top',
  'user-agent' => 'Mozilla/5.0 (Macintosh; Intel Mac OS X 10_7_0) AppleWebKit/535.11 (KHTML, like Gecko) Chrome/17.0.963.56 Safari/535.11',
  'referer' => 'http://ds.niuapi.top/',
  'accept-encoding' => 'gzip',
  'content-type' => '',
  'content-length' => '',
)
[ info ] [ PARAM ] array (
)
[ info ] [ RUN ] app\cn\controller\HomeController->login[ /www/wwwroot/dscom/apps/cn/controller/HomeController.php ]
[ info ] [ DB ] INIT mysql
[ info ] [ VIEW ] /www/wwwroot/dscom/apps/cn/view/home/login.html [ array (
  0 => 'title',
  1 => 'is_reg',
) ]
[ info ] [ LOG ] INIT File
[ sql ] [ DB ] CONNECT:[ UseTime:0.001677s ] mysql:host=127.0.0.1;port=3306;dbname=dscom;charset=utf8
[ sql ] [ SQL ] SHOW COLUMNS FROM `tbl_config` [ RunTime:0.003403s ]
[ sql ] [ SQL ] SELECT `title`,`is_reg` FROM `tbl_config` WHERE  `id` = 1 LIMIT 1 [ RunTime:0.001279s ]
---------------------------------------------------------------
[ 2022-05-01T20:26:43+08:00 ] 27.115.124.100 GET ds.niuapi.top/robots.txt
[运行时间：0.031182s] [吞吐率：32.07req/s] [内存消耗：1,883.52kb] [文件加载：34]
[ info ] [ LANG ] /www/wwwroot/dscom/core/lang/zh-cn.php
[ info ] [ ROUTE ] array (
  'type' => 'module',
  'module' => 
  array (
    0 => 'robots',
    1 => NULL,
    2 => NULL,
  ),
)
[ info ] [ HEADER ] array (
  'host' => 'ds.niuapi.top',
  'user-agent' => 'Go-http-client/1.1',
  'accept-encoding' => 'gzip',
  'content-type' => '',
  'content-length' => '',
)
[ info ] [ PARAM ] array (
)
[ info ] [ LOG ] INIT File
---------------------------------------------------------------
[ 2022-05-01T20:26:44+08:00 ] 27.115.124.106 GET ds.niuapi.top/sitemap.xml
[运行时间：0.030372s] [吞吐率：32.92req/s] [内存消耗：1,883.52kb] [文件加载：34]
[ info ] [ LANG ] /www/wwwroot/dscom/core/lang/zh-cn.php
[ info ] [ ROUTE ] array (
  'type' => 'module',
  'module' => 
  array (
    0 => 'sitemap',
    1 => NULL,
    2 => NULL,
  ),
)
[ info ] [ HEADER ] array (
  'host' => 'ds.niuapi.top',
  'user-agent' => 'Go-http-client/1.1',
  'accept-encoding' => 'gzip',
  'content-type' => '',
  'content-length' => '',
)
[ info ] [ PARAM ] array (
)
[ info ] [ LOG ] INIT File
